# JRE version: Java(TM) SE Runtime Environment (10.0.1+10) (build 10.0.1+10)
# Java VM: Java HotSpot(TM) 64-Bit Server VM (10.0.1+10, mixed mode, tiered, serial gc, linux-amd64)
Heap:
 def new generation   total 38219264K, used 27382491K [0x00007ed47dc00000, 0x00007ede9da80000, 0x00007ee9d3150000)
  eden space 33972736K,  74% used [0x00007ed47dc00000, 0x00007eda86c42608, 0x00007edc97480000)
  from space 4246528K,  48% used [0x00007edc97480000, 0x00007edd158f4910, 0x00007edd9a780000)
  to   space 4246528K,   0% used [0x00007edd9a780000, 0x00007edd9a780000, 0x00007ede9da80000)
 tenured generation   total 84931548K, used 55225292K [0x00007ee9d3150000, 0x00007efe12e47000, 0x00007f147dc00000)
   the space 84931548K,  65% used [0x00007ee9d3150000, 0x00007ef6fdc43390, 0x00007ef6fdc43400, 0x00007efe12e47000)
 Metaspace       used 50579K, capacity 51104K, committed 51968K, reserved 53248K
GC Heap History (10 events):
Event: 220353.319 GC heap before
{Heap before GC invocations=1313 (full 22):
 def new generation   total 38219264K, used 36146653K [0x00007ed47dc00000, 0x00007ede9da80000, 0x00007ee9d3150000)
  eden space 33972736K, 100% used [0x00007ed47dc00000, 0x00007edc97480000, 0x00007edc97480000)
  from space 4246528K,  51% used [0x00007edd9a780000, 0x00007ede1f2775f0, 0x00007ede9da80000)
  to   space 4246528K,   0% used [0x00007edc97480000, 0x00007edc97480000, 0x00007edd9a780000)
 tenured generation   total 84931548K, used 52617392K [0x00007ee9d3150000, 0x00007efe12e47000, 0x00007f147dc00000)
   the space 84931548K,  61% used [0x00007ee9d3150000, 0x00007ef65e97c220, 0x00007ef65e97c400, 0x00007efe12e47000)
 Metaspace       used 50562K, capacity 51104K, committed 51968K, reserved 53248K
}
Event: 220356.473 GC heap after
{Heap after GC invocations=1314 (full 22):
 def new generation   total 38219264K, used 1980957K [0x00007ed47dc00000, 0x00007ede9da80000, 0x00007ee9d3150000)
  eden space 33972736K,   0% used [0x00007ed47dc00000, 0x00007ed47dc00000, 0x00007edc97480000)
  from space 4246528K,  46% used [0x00007edc97480000, 0x00007edd10307590, 0x00007edd9a780000)
  to   space 4246528K,   0% used [0x00007edd9a780000, 0x00007edd9a780000, 0x00007ede9da80000)
 tenured generation   total 84931548K, used 53377113K [0x00007ee9d3150000, 0x00007efe12e47000, 0x00007f147dc00000)
   the space 84931548K,  62% used [0x00007ee9d3150000, 0x00007ef68cf664c0, 0x00007ef68cf66600, 0x00007efe12e47000)
 Metaspace       used 50562K, capacity 51104K, committed 51968K, reserved 53248K
}
Event: 220683.114 GC heap before
{Heap before GC invocations=1314 (full 22):
 def new generation   total 38219264K, used 35953693K [0x00007ed47dc00000, 0x00007ede9da80000, 0x00007ee9d3150000)
  eden space 33972736K, 100% used [0x00007ed47dc00000, 0x00007edc97480000, 0x00007edc97480000)
  from space 4246528K,  46% used [0x00007edc97480000, 0x00007edd10307590, 0x00007edd9a780000)
  to   space 4246528K,   0% used [0x00007edd9a780000, 0x00007edd9a780000, 0x00007ede9da80000)
 tenured generation   total 84931548K, used 53377113K [0x00007ee9d3150000, 0x00007efe12e47000, 0x00007f147dc00000)
   the space 84931548K,  62% used [0x00007ee9d3150000, 0x00007ef68cf664c0, 0x00007ef68cf66600, 0x00007efe12e47000)
 Metaspace       used 50562K, capacity 51104K, committed 51968K, reserved 53248K
}
Event: 220686.094 GC heap after
{Heap after GC invocations=1315 (full 22):
 def new generation   total 38219264K, used 2599085K [0x00007ed47dc00000, 0x00007ede9da80000, 0x00007ee9d3150000)
  eden space 33972736K,   0% used [0x00007ed47dc00000, 0x00007ed47dc00000, 0x00007edc97480000)
  from space 4246528K,  61% used [0x00007edd9a780000, 0x00007ede391ab600, 0x00007ede9da80000)
  to   space 4246528K,   0% used [0x00007edc97480000, 0x00007edc97480000, 0x00007edd9a780000)
 tenured generation   total 84931548K, used 53377113K [0x00007ee9d3150000, 0x00007efe12e47000, 0x00007f147dc00000)
   the space 84931548K,  62% used [0x00007ee9d3150000, 0x00007ef68cf664c0, 0x00007ef68cf66600, 0x00007efe12e47000)
 Metaspace       used 50562K, capacity 51104K, committed 51968K, reserved 53248K
}
Event: 221008.985 GC heap before
{Heap before GC invocations=1315 (full 22):
 def new generation   total 38219264K, used 36571821K [0x00007ed47dc00000, 0x00007ede9da80000, 0x00007ee9d3150000)
  eden space 33972736K, 100% used [0x00007ed47dc00000, 0x00007edc97480000, 0x00007edc97480000)
  from space 4246528K,  61% used [0x00007edd9a780000, 0x00007ede391ab600, 0x00007ede9da80000)
  to   space 4246528K,   0% used [0x00007edc97480000, 0x00007edc97480000, 0x00007edd9a780000)
 tenured generation   total 84931548K, used 53377113K [0x00007ee9d3150000, 0x00007efe12e47000, 0x00007f147dc00000)
   the space 84931548K,  62% used [0x00007ee9d3150000, 0x00007ef68cf664c0, 0x00007ef68cf66600, 0x00007efe12e47000)
 Metaspace       used 50562K, capacity 51104K, committed 51968K, reserved 53248K
}
Event: 221012.398 GC heap after
{Heap after GC invocations=1316 (full 22):
 def new generation   total 38219264K, used 2471776K [0x00007ed47dc00000, 0x00007ede9da80000, 0x00007ee9d3150000)
  eden space 33972736K,   0% used [0x00007ed47dc00000, 0x00007ed47dc00000, 0x00007edc97480000)
  from space 4246528K,  58% used [0x00007edc97480000, 0x00007edd2e258150, 0x00007edd9a780000)
  to   space 4246528K,   0% used [0x00007edd9a780000, 0x00007edd9a780000, 0x00007ede9da80000)
 tenured generation   total 84931548K, used 54095920K [0x00007ee9d3150000, 0x00007efe12e47000, 0x00007f147dc00000)
   the space 84931548K,  63% used [0x00007ee9d3150000, 0x00007ef6b8d5c0b8, 0x00007ef6b8d5c200, 0x00007efe12e47000)
 Metaspace       used 50562K, capacity 51104K, committed 51968K, reserved 53248K
}
Event: 221329.707 GC heap before
{Heap before GC invocations=1316 (full 22):
 def new generation   total 38219264K, used 36444512K [0x00007ed47dc00000, 0x00007ede9da80000, 0x00007ee9d3150000)
  eden space 33972736K, 100% used [0x00007ed47dc00000, 0x00007edc97480000, 0x00007edc97480000)
  from space 4246528K,  58% used [0x00007edc97480000, 0x00007edd2e258150, 0x00007edd9a780000)
  to   space 4246528K,   0% used [0x00007edd9a780000, 0x00007edd9a780000, 0x00007ede9da80000)
 tenured generation   total 84931548K, used 54095920K [0x00007ee9d3150000, 0x00007efe12e47000, 0x00007f147dc00000)
   the space 84931548K,  63% used [0x00007ee9d3150000, 0x00007ef6b8d5c0b8, 0x00007ef6b8d5c200, 0x00007efe12e47000)
 Metaspace       used 50562K, capacity 51104K, committed 51968K, reserved 53248K
}
Event: 221332.773 GC heap after
{Heap after GC invocations=1317 (full 22):
 def new generation   total 38219264K, used 2339550K [0x00007ed47dc00000, 0x00007ede9da80000, 0x00007ee9d3150000)
  eden space 33972736K,   0% used [0x00007ed47dc00000, 0x00007ed47dc00000, 0x00007edc97480000)
  from space 4246528K,  55% used [0x00007edd9a780000, 0x00007ede294379a8, 0x00007ede9da80000)
  to   space 4246528K,   0% used [0x00007edc97480000, 0x00007edc97480000, 0x00007edd9a780000)
 tenured generation   total 84931548K, used 54663251K [0x00007ee9d3150000, 0x00007efe12e47000, 0x00007f147dc00000)
   the space 84931548K,  64% used [0x00007ee9d3150000, 0x00007ef6db764e98, 0x00007ef6db765000, 0x00007efe12e47000)
 Metaspace       used 50562K, capacity 51104K, committed 51968K, reserved 53248K
}
Event: 221623.307 GC heap before
{Heap before GC invocations=1317 (full 22):
 def new generation   total 38219264K, used 36312286K [0x00007ed47dc00000, 0x00007ede9da80000, 0x00007ee9d3150000)
  eden space 33972736K, 100% used [0x00007ed47dc00000, 0x00007edc97480000, 0x00007edc97480000)
  from space 4246528K,  55% used [0x00007edd9a780000, 0x00007ede294379a8, 0x00007ede9da80000)
  to   space 4246528K,   0% used [0x00007edc97480000, 0x00007edc97480000, 0x00007edd9a780000)
 tenured generation   total 84931548K, used 54663251K [0x00007ee9d3150000, 0x00007efe12e47000, 0x00007f147dc00000)
   the space 84931548K,  64% used [0x00007ee9d3150000, 0x00007ef6db764e98, 0x00007ef6db765000, 0x00007efe12e47000)
 Metaspace       used 50562K, capacity 51104K, committed 51968K, reserved 53248K
}
Event: 221625.870 GC heap after
{Heap after GC invocations=1318 (full 22):
 def new generation   total 38219264K, used 2068946K [0x00007ed47dc00000, 0x00007ede9da80000, 0x00007ee9d3150000)
  eden space 33972736K,   0% used [0x00007ed47dc00000, 0x00007ed47dc00000, 0x00007edc97480000)
  from space 4246528K,  48% used [0x00007edc97480000, 0x00007edd158f4910, 0x00007edd9a780000)
  to   space 4246528K,   0% used [0x00007edd9a780000, 0x00007edd9a780000, 0x00007ede9da80000)
 tenured generation   total 84931548K, used 55225292K [0x00007ee9d3150000, 0x00007efe12e47000, 0x00007f147dc00000)
   the space 84931548K,  65% used [0x00007ee9d3150000, 0x00007ef6fdc43390, 0x00007ef6fdc43400, 0x00007efe12e47000)
 Metaspace       used 50562K, capacity 51104K, committed 51968K, reserved 53248K
}

